mktextfm Academicons
mktextfm Academicons
mktextfm Academicons
mktextfm Academicons/BI
mktextfm Academicons
mktextfm Academicons/B
mktextfm Academicons
mktextfm Academicons/I
mktextfm Academicons
mktextfm Academicons
mktextfm Academicons
mktextfm Academicons
mktextfm Academicons
mktextfm Academicons/BI
mktextfm Academicons
mktextfm Academicons/B
mktextfm Academicons
mktextfm Academicons/I
mktextfm Academicons
mktextfm Academicons
mktextfm Academicons
mktextfm Academicons
mktextfm Academicons
mktextfm Academicons/BI
mktextfm Academicons
mktextfm Academicons/B
mktextfm Academicons
mktextfm Academicons/I
mktextfm Academicons
mktextfm Academicons
mktextfm Academicons
mktextfm Academicons
mktextfm Academicons
mktextfm Academicons/BI
mktextfm Academicons
mktextfm Academicons/B
mktextfm Academicons
mktextfm Academicons/I
mktextfm Academicons
mktextfm Academicons
mktextfm Academicons
mktextfm Academicons
mktextfm Academicons
mktextfm Academicons/BI
mktextfm Academicons
mktextfm Academicons/B
mktextfm Academicons
mktextfm Academicons/I
mktextfm Academicons
mktextfm Academicons
mktextfm Academicons
mktextfm Academicons
mktextfm Academicons
mktextfm Academicons/BI
mktextfm Academicons
mktextfm Academicons/B
mktextfm Academicons
mktextfm Academicons/I
mktextfm Academicons
mktextfm Academicons
mktextfm academicons
mktextfm academicons
mktextfm academicons
mktextfm academicons/BI
mktextfm academicons
mktextfm academicons/B
mktextfm academicons
mktextfm academicons/I
mktextfm academicons
mktextfm academicons
